<?xml version="1.0" encoding="UTF-8"?>
<testsuite xmlns:xsi="http://www.w3.org/2001/XMLSchema-instance" xsi:noNamespaceSchemaLocation="https://maven.apache.org/surefire/maven-surefire-plugin/xsd/surefire-test-report.xsd" name="B_HandTest" time="0.235" tests="14" errors="0" skipped="0" failures="0">
  <properties>
[...]
</properties>
  <testcase name="onCompareToMethod" classname="B_HandTest" time="0"/>
  <testcase name="sortedPrintingWorks" classname="B_HandTest" time="0.22"/>
  <testcase name="methodPrint" classname="B_HandTest" time="0"/>
  <testcase name="methodAdd" classname="B_HandTest" time="0"/>
  <testcase name="methodSort" classname="B_HandTest" time="0"/>
  <testcase name="printingWorks" classname="B_HandTest" time="0"/>
  <testcase name="comparisonWorks1" classname="B_HandTest" time="0"/>
  <testcase name="comparisonWorks2" classname="B_HandTest" time="0.015"/>
  <testcase name="comparisonWorks3" classname="B_HandTest" time="0"/>
  <testcase name="comparisonWorks4" classname="B_HandTest" time="0"/>
  <testcase name="comparisonWorks5" classname="B_HandTest" time="0"/>
  <testcase name="isConstructor" classname="B_HandTest" time="0"/>
  <testcase name="noExtraVariables" classname="B_HandTest" time="0"/>
  <testcase name="onImplementComparableHand" classname="B_HandTest" time="0"/>
</testsuite>